mode: set
github.com/cubbitgg/cmd-drivers/cli/global.go:20.39,21.13 1 1
github.com/cubbitgg/cmd-drivers/cli/global.go:21.13,24.3 2 1
github.com/cubbitgg/cmd-drivers/cli/global.go:25.2,25.22 1 1
github.com/cubbitgg/cmd-drivers/cli/global.go:25.22,28.3 2 1
github.com/cubbitgg/cmd-drivers/cli/global.go:29.2,29.33 1 1
github.com/cubbitgg/cmd-drivers/cli/global.go:33.45,40.32 2 1
github.com/cubbitgg/cmd-drivers/cli/global.go:40.32,42.3 1 1
github.com/cubbitgg/cmd-drivers/cli/global.go:43.2,43.12 1 1
github.com/cubbitgg/cmd-drivers/cli/global.go:48.56,51.2 2 1
github.com/cubbitgg/cmd-drivers/cli/init_cmd.go:16.31,18.20 2 1
github.com/cubbitgg/cmd-drivers/cli/init_cmd.go:18.20,20.3 1 1
github.com/cubbitgg/cmd-drivers/cli/init_cmd.go:23.37,24.43 1 1
github.com/cubbitgg/cmd-drivers/cli/init_cmd.go:24.43,26.3 1 1
github.com/cubbitgg/cmd-drivers/cli/init_cmd.go:27.2,27.38 1 1
github.com/cubbitgg/cmd-drivers/cli/init_cmd.go:27.38,29.3 1 1
github.com/cubbitgg/cmd-drivers/cli/init_cmd.go:30.2,30.12 1 1
github.com/cubbitgg/cmd-drivers/cli/init_cmd.go:33.65,35.2 1 1
github.com/cubbitgg/cmd-drivers/cli/init_cmd.go:38.34,45.55 2 1
github.com/cubbitgg/cmd-drivers/cli/init_cmd.go:45.55,47.42 2 1
github.com/cubbitgg/cmd-drivers/cli/init_cmd.go:47.42,49.5 1 1
github.com/cubbitgg/cmd-drivers/cli/init_cmd.go:50.4,50.30 1 1
github.com/cubbitgg/cmd-drivers/cli/init_cmd.go:53.2,56.12 4 1
github.com/cubbitgg/cmd-drivers/cli/mount.go:17.32,19.2 1 1
github.com/cubbitgg/cmd-drivers/cli/mount.go:21.38,22.43 1 1
github.com/cubbitgg/cmd-drivers/cli/mount.go:22.43,24.3 1 1
github.com/cubbitgg/cmd-drivers/cli/mount.go:25.2,25.46 1 1
github.com/cubbitgg/cmd-drivers/cli/mount.go:25.46,27.3 1 1
github.com/cubbitgg/cmd-drivers/cli/mount.go:28.2,28.12 1 1
github.com/cubbitgg/cmd-drivers/cli/mount.go:31.66,33.2 1 1
github.com/cubbitgg/cmd-drivers/cli/mount.go:36.35,43.55 2 1
github.com/cubbitgg/cmd-drivers/cli/mount.go:43.55,45.42 2 1
github.com/cubbitgg/cmd-drivers/cli/mount.go:45.42,47.5 1 1
github.com/cubbitgg/cmd-drivers/cli/mount.go:48.4,48.30 1 1
github.com/cubbitgg/cmd-drivers/cli/mount.go:51.2,56.12 6 1
github.com/cubbitgg/cmd-drivers/cli/scan.go:21.63,22.27 1 1
github.com/cubbitgg/cmd-drivers/cli/scan.go:22.27,22.51 1 1
github.com/cubbitgg/cmd-drivers/cli/scan.go:26.69,27.27 1 1
github.com/cubbitgg/cmd-drivers/cli/scan.go:27.27,27.54 1 1
github.com/cubbitgg/cmd-drivers/cli/scan.go:31.44,32.27 1 1
github.com/cubbitgg/cmd-drivers/cli/scan.go:32.27,32.42 1 1
github.com/cubbitgg/cmd-drivers/cli/scan.go:52.31,54.2 1 1
github.com/cubbitgg/cmd-drivers/cli/scan.go:56.37,57.43 1 1
github.com/cubbitgg/cmd-drivers/cli/scan.go:57.43,59.3 1 1
github.com/cubbitgg/cmd-drivers/cli/scan.go:60.2,60.17 1 1
github.com/cubbitgg/cmd-drivers/cli/scan.go:60.17,62.3 1 1
github.com/cubbitgg/cmd-drivers/cli/scan.go:63.2,64.16 2 1
github.com/cubbitgg/cmd-drivers/cli/scan.go:64.16,66.3 1 1
github.com/cubbitgg/cmd-drivers/cli/scan.go:67.2,67.23 1 1
github.com/cubbitgg/cmd-drivers/cli/scan.go:67.23,69.3 1 0
github.com/cubbitgg/cmd-drivers/cli/scan.go:70.2,71.12 2 1
github.com/cubbitgg/cmd-drivers/cli/scan.go:74.65,89.19 6 1
github.com/cubbitgg/cmd-drivers/cli/scan.go:89.19,91.3 1 0
github.com/cubbitgg/cmd-drivers/cli/scan.go:93.2,94.19 2 1
github.com/cubbitgg/cmd-drivers/cli/scan.go:94.19,96.3 1 0
github.com/cubbitgg/cmd-drivers/cli/scan.go:98.2,99.18 2 1
github.com/cubbitgg/cmd-drivers/cli/scan.go:99.18,101.3 1 0
github.com/cubbitgg/cmd-drivers/cli/scan.go:103.2,112.16 4 1
github.com/cubbitgg/cmd-drivers/cli/scan.go:112.16,115.3 2 1
github.com/cubbitgg/cmd-drivers/cli/scan.go:117.2,120.12 3 1
github.com/cubbitgg/cmd-drivers/cli/scan.go:125.55,127.28 2 1
github.com/cubbitgg/cmd-drivers/cli/scan.go:127.28,129.3 1 1
github.com/cubbitgg/cmd-drivers/cli/scan.go:130.2,135.55 1 1
github.com/cubbitgg/cmd-drivers/cli/scan.go:135.55,137.42 2 1
github.com/cubbitgg/cmd-drivers/cli/scan.go:137.42,139.5 1 1
github.com/cubbitgg/cmd-drivers/cli/scan.go:140.4,140.30 1 1
github.com/cubbitgg/cmd-drivers/cli/scan.go:143.2,148.12 6 1
github.com/cubbitgg/cmd-drivers/cli/version.go:15.68,17.13 2 1
github.com/cubbitgg/cmd-drivers/cli/version.go:17.13,20.3 2 1
github.com/cubbitgg/cmd-drivers/cli/version.go:21.2,26.12 6 1
github.com/cubbitgg/cmd-drivers/cli/version.go:30.37,41.55 2 1
github.com/cubbitgg/cmd-drivers/cli/version.go:41.55,43.4 1 1
github.com/cubbitgg/cmd-drivers/cli/version.go:45.2,46.12 2 1
github.com/cubbitgg/cmd-drivers/logger/logger.go:19.46,25.31 3 1
github.com/cubbitgg/cmd-drivers/logger/logger.go:25.31,28.3 1 0
github.com/cubbitgg/cmd-drivers/logger/logger.go:31.2,40.11 2 1
github.com/cubbitgg/cmd-drivers/logger/logger.go:44.77,46.2 1 1
github.com/cubbitgg/cmd-drivers/logger/logger.go:50.54,51.16 1 1
github.com/cubbitgg/cmd-drivers/logger/logger.go:51.16,53.3 1 0
github.com/cubbitgg/cmd-drivers/logger/logger.go:55.2,55.61 1 1
github.com/cubbitgg/cmd-drivers/logger/logger.go:55.61,57.3 1 1
github.com/cubbitgg/cmd-drivers/logger/logger.go:60.2,60.22 1 0
github.com/cubbitgg/cmd-drivers/logger/logger.go:65.46,66.16 1 0
github.com/cubbitgg/cmd-drivers/logger/logger.go:66.16,67.26 1 0
github.com/cubbitgg/cmd-drivers/logger/logger.go:70.2,70.61 1 0
github.com/cubbitgg/cmd-drivers/logger/logger.go:70.61,72.3 1 0
github.com/cubbitgg/cmd-drivers/logger/logger.go:74.2,74.38 1 0
github.com/cubbitgg/cmd-drivers/tests/mocks/scanner_mock.go:16.93,18.2 1 1
github.com/cubbitgg/cmd-drivers/tests/mocks/scanner_mock.go:26.80,28.2 1 1
github.com/cubbitgg/cmd-drivers/tests/mocks/scanner_mock.go:38.116,40.2 1 1
github.com/cubbitgg/cmd-drivers/tests/mocks/scanner_mock.go:42.102,44.2 1 0
github.com/cubbitgg/cmd-drivers/tests/mocks/scanner_mock.go:46.81,48.2 1 1
github.com/cubbitgg/cmd-drivers/fsutils/fstype.go:27.35,28.33 1 0
github.com/cubbitgg/cmd-drivers/fsutils/fstype.go:28.33,29.21 1 0
github.com/cubbitgg/cmd-drivers/fsutils/fstype.go:29.21,31.4 1 0
github.com/cubbitgg/cmd-drivers/fsutils/fstype.go:33.2,33.14 1 0
github.com/cubbitgg/cmd-drivers/fsutils/fstype.go:38.49,41.26 3 0
github.com/cubbitgg/cmd-drivers/fsutils/fstype.go:41.26,43.20 2 0
github.com/cubbitgg/cmd-drivers/fsutils/fstype.go:43.20,44.12 1 0
github.com/cubbitgg/cmd-drivers/fsutils/fstype.go:46.3,46.30 1 0
github.com/cubbitgg/cmd-drivers/fsutils/fstype.go:46.30,48.4 1 0
github.com/cubbitgg/cmd-drivers/fsutils/fstype.go:49.3,49.43 1 0
github.com/cubbitgg/cmd-drivers/fsutils/fstype.go:51.2,51.20 1 0
github.com/cubbitgg/cmd-drivers/fsutils/fstype.go:56.48,58.26 2 0
github.com/cubbitgg/cmd-drivers/fsutils/fstype.go:58.26,60.3 1 0
github.com/cubbitgg/cmd-drivers/fsutils/fstype.go:61.2,61.15 1 0
github.com/cubbitgg/cmd-drivers/fsutils/fstype.go:66.31,68.2 1 0
github.com/cubbitgg/cmd-drivers/fsutils/fstype.go:70.32,72.33 2 0
github.com/cubbitgg/cmd-drivers/fsutils/fstype.go:72.33,74.3 1 0
github.com/cubbitgg/cmd-drivers/fsutils/fstype.go:75.2,75.34 1 0
github.com/cubbitgg/cmd-drivers/fsutils/lsblk.go:37.57,40.49 2 1
github.com/cubbitgg/cmd-drivers/fsutils/lsblk.go:40.49,43.3 2 1
github.com/cubbitgg/cmd-drivers/fsutils/lsblk.go:46.2,47.49 2 1
github.com/cubbitgg/cmd-drivers/fsutils/lsblk.go:47.49,49.3 1 0
github.com/cubbitgg/cmd-drivers/fsutils/lsblk.go:52.2,52.13 1 1
github.com/cubbitgg/cmd-drivers/fsutils/lsblk.go:52.13,55.3 2 1
github.com/cubbitgg/cmd-drivers/fsutils/lsblk.go:58.2,59.16 2 1
github.com/cubbitgg/cmd-drivers/fsutils/lsblk.go:59.16,61.3 1 0
github.com/cubbitgg/cmd-drivers/fsutils/lsblk.go:63.2,64.12 2 1
github.com/cubbitgg/cmd-drivers/fsutils/lsblk.go:68.53,70.2 1 0
github.com/cubbitgg/cmd-drivers/fsutils/lsblk.go:76.56,79.49 2 1
github.com/cubbitgg/cmd-drivers/fsutils/lsblk.go:79.49,82.3 2 1
github.com/cubbitgg/cmd-drivers/fsutils/lsblk.go:85.2,86.49 2 1
github.com/cubbitgg/cmd-drivers/fsutils/lsblk.go:86.49,88.3 1 0
github.com/cubbitgg/cmd-drivers/fsutils/lsblk.go:91.2,91.28 1 1
github.com/cubbitgg/cmd-drivers/fsutils/lsblk.go:92.26,93.13 1 1
github.com/cubbitgg/cmd-drivers/fsutils/lsblk.go:94.30,95.14 1 1
github.com/cubbitgg/cmd-drivers/fsutils/lsblk.go:96.10,97.52 1 0
github.com/cubbitgg/cmd-drivers/fsutils/lsblk.go:100.2,100.12 1 1
github.com/cubbitgg/cmd-drivers/fsutils/lsblk.go:104.52,106.2 1 0
github.com/cubbitgg/cmd-drivers/fsutils/lsblk.go:132.23,134.2 1 0
github.com/cubbitgg/cmd-drivers/fsutils/lsblk.go:138.100,154.16 6 0
github.com/cubbitgg/cmd-drivers/fsutils/lsblk.go:154.16,155.47 1 0
github.com/cubbitgg/cmd-drivers/fsutils/lsblk.go:155.47,161.4 2 0
github.com/cubbitgg/cmd-drivers/fsutils/lsblk.go:162.3,165.61 2 0
github.com/cubbitgg/cmd-drivers/fsutils/lsblk.go:168.2,174.56 3 0
github.com/cubbitgg/cmd-drivers/fsutils/lsblk.go:174.56,180.3 2 0
github.com/cubbitgg/cmd-drivers/fsutils/lsblk.go:183.2,183.19 1 0
github.com/cubbitgg/cmd-drivers/fsutils/lsblk.go:183.19,188.3 2 0
github.com/cubbitgg/cmd-drivers/fsutils/lsblk.go:191.2,192.45 2 0
github.com/cubbitgg/cmd-drivers/fsutils/lsblk.go:192.45,194.3 1 0
github.com/cubbitgg/cmd-drivers/fsutils/lsblk.go:196.2,201.22 2 0
github.com/cubbitgg/cmd-drivers/fsutils/lsblk.go:205.102,210.10 3 0
github.com/cubbitgg/cmd-drivers/fsutils/lsblk.go:210.10,220.11 2 0
github.com/cubbitgg/cmd-drivers/fsutils/lsblk.go:220.11,222.4 1 0
github.com/cubbitgg/cmd-drivers/fsutils/lsblk.go:224.8,228.11 2 0
github.com/cubbitgg/cmd-drivers/fsutils/lsblk.go:228.11,237.4 2 0
github.com/cubbitgg/cmd-drivers/fsutils/lsblk.go:241.2,241.40 1 0
github.com/cubbitgg/cmd-drivers/fsutils/lsblk.go:241.40,244.3 2 0
github.com/cubbitgg/cmd-drivers/fsutils/lsblk.go:246.2,246.15 1 0
github.com/cubbitgg/cmd-drivers/fsutils/lsblk.go:251.94,254.18 2 0
github.com/cubbitgg/cmd-drivers/fsutils/lsblk.go:254.18,257.3 2 0
github.com/cubbitgg/cmd-drivers/fsutils/lsblk.go:259.2,264.76 2 0
github.com/cubbitgg/cmd-drivers/fsutils/lsblk.go:264.76,265.24 1 0
github.com/cubbitgg/cmd-drivers/fsutils/lsblk.go:265.24,267.4 1 0
github.com/cubbitgg/cmd-drivers/fsutils/lsblk.go:268.3,268.40 1 0
github.com/cubbitgg/cmd-drivers/fsutils/lsblk.go:271.2,272.16 2 0
github.com/cubbitgg/cmd-drivers/fsutils/lsblk.go:272.16,274.3 1 0
github.com/cubbitgg/cmd-drivers/fsutils/lsblk.go:276.2,276.23 1 0
github.com/cubbitgg/cmd-drivers/fsutils/lsblk.go:276.23,281.3 2 0
github.com/cubbitgg/cmd-drivers/fsutils/lsblk.go:283.2,289.25 2 0
github.com/cubbitgg/cmd-drivers/fsutils/lsblk.go:293.58,296.33 2 1
github.com/cubbitgg/cmd-drivers/fsutils/lsblk.go:296.33,298.31 2 1
github.com/cubbitgg/cmd-drivers/fsutils/lsblk.go:298.31,300.4 1 1
github.com/cubbitgg/cmd-drivers/fsutils/lsblk.go:303.2,303.15 1 1
github.com/cubbitgg/cmd-drivers/fsutils/lsblk.go:307.91,310.33 2 1
github.com/cubbitgg/cmd-drivers/fsutils/lsblk.go:310.33,311.24 1 1
github.com/cubbitgg/cmd-drivers/fsutils/lsblk.go:311.24,313.4 1 1
github.com/cubbitgg/cmd-drivers/fsutils/lsblk.go:316.2,316.15 1 1
github.com/cubbitgg/cmd-drivers/fsutils/lsblk.go:322.81,325.18 2 0
github.com/cubbitgg/cmd-drivers/fsutils/lsblk.go:325.18,328.3 2 0
github.com/cubbitgg/cmd-drivers/fsutils/lsblk.go:331.2,331.41 1 0
github.com/cubbitgg/cmd-drivers/fsutils/lsblk.go:331.41,336.3 2 0
github.com/cubbitgg/cmd-drivers/fsutils/lsblk.go:338.2,344.16 3 0
github.com/cubbitgg/cmd-drivers/fsutils/lsblk.go:344.16,346.29 1 0
github.com/cubbitgg/cmd-drivers/fsutils/lsblk.go:346.29,352.4 2 0
github.com/cubbitgg/cmd-drivers/fsutils/lsblk.go:354.3,354.33 1 0
github.com/cubbitgg/cmd-drivers/fsutils/lsblk.go:354.33,360.4 2 0
github.com/cubbitgg/cmd-drivers/fsutils/lsblk.go:361.3,364.17 2 0
github.com/cubbitgg/cmd-drivers/fsutils/lsblk.go:367.2,374.16 3 0
github.com/cubbitgg/cmd-drivers/fsutils/lsblk.go:374.16,380.3 2 0
github.com/cubbitgg/cmd-drivers/fsutils/lsblk.go:383.2,384.34 2 0
github.com/cubbitgg/cmd-drivers/fsutils/lsblk.go:384.34,385.25 1 0
github.com/cubbitgg/cmd-drivers/fsutils/lsblk.go:385.25,386.22 1 0
github.com/cubbitgg/cmd-drivers/fsutils/lsblk.go:386.22,392.5 2 0
github.com/cubbitgg/cmd-drivers/fsutils/lsblk.go:394.4,394.26 1 0
github.com/cubbitgg/cmd-drivers/fsutils/lsblk.go:394.26,400.5 2 0
github.com/cubbitgg/cmd-drivers/fsutils/lsblk.go:401.4,404.18 2 0
github.com/cubbitgg/cmd-drivers/fsutils/lsblk.go:408.2,411.54 2 0
github.com/cubbitgg/cmd-drivers/fsutils/lsblk.go:417.44,418.71 1 1
github.com/cubbitgg/cmd-drivers/fsutils/lsblk.go:418.71,420.34 2 1
github.com/cubbitgg/cmd-drivers/fsutils/lsblk.go:420.34,423.32 3 1
github.com/cubbitgg/cmd-drivers/fsutils/lsblk.go:423.32,425.5 1 1
github.com/cubbitgg/cmd-drivers/fsutils/lsblk.go:427.3,427.58 1 1
github.com/cubbitgg/cmd-drivers/fsutils/lsblk.go:434.43,435.71 1 1
github.com/cubbitgg/cmd-drivers/fsutils/lsblk.go:435.71,438.34 3 1
github.com/cubbitgg/cmd-drivers/fsutils/lsblk.go:438.34,441.18 3 1
github.com/cubbitgg/cmd-drivers/fsutils/lsblk.go:441.18,443.5 1 0
github.com/cubbitgg/cmd-drivers/fsutils/lsblk.go:444.4,444.19 1 1
github.com/cubbitgg/cmd-drivers/fsutils/lsblk.go:444.19,446.5 1 1
github.com/cubbitgg/cmd-drivers/fsutils/lsblk.go:448.3,448.62 1 1
github.com/cubbitgg/cmd-drivers/fsutils/lsblk.go:454.40,455.71 1 1
github.com/cubbitgg/cmd-drivers/fsutils/lsblk.go:455.71,458.3 2 1
github.com/cubbitgg/cmd-drivers/fsutils/lsblk.go:462.45,464.26 2 1
github.com/cubbitgg/cmd-drivers/fsutils/lsblk.go:464.26,466.3 1 1
github.com/cubbitgg/cmd-drivers/fsutils/lsblk.go:468.2,468.71 1 1
github.com/cubbitgg/cmd-drivers/fsutils/lsblk.go:468.71,469.27 1 1
github.com/cubbitgg/cmd-drivers/fsutils/lsblk.go:469.27,471.4 1 1
github.com/cubbitgg/cmd-drivers/fsutils/lsblk.go:472.3,472.35 1 1
github.com/cubbitgg/cmd-drivers/fsutils/lsblk.go:477.41,478.77 1 1
github.com/cubbitgg/cmd-drivers/fsutils/lsblk.go:478.77,479.26 1 1
github.com/cubbitgg/cmd-drivers/fsutils/lsblk.go:479.26,481.4 1 1
github.com/cubbitgg/cmd-drivers/fsutils/lsblk.go:482.3,482.35 1 1
github.com/cubbitgg/cmd-drivers/fsutils/lsblk.go:488.49,490.29 2 1
github.com/cubbitgg/cmd-drivers/fsutils/lsblk.go:490.29,492.3 1 1
github.com/cubbitgg/cmd-drivers/fsutils/lsblk.go:494.2,494.71 1 1
github.com/cubbitgg/cmd-drivers/fsutils/lsblk.go:494.71,496.26 1 1
github.com/cubbitgg/cmd-drivers/fsutils/lsblk.go:496.26,498.4 1 1
github.com/cubbitgg/cmd-drivers/fsutils/lsblk.go:501.3,501.31 1 1
github.com/cubbitgg/cmd-drivers/fsutils/lsblk.go:501.31,503.4 1 1
github.com/cubbitgg/cmd-drivers/fsutils/lsblk.go:504.3,504.37 1 1
github.com/cubbitgg/cmd-drivers/logger/logger.go:19.46,25.31 3 0
github.com/cubbitgg/cmd-drivers/logger/logger.go:25.31,28.3 1 0
github.com/cubbitgg/cmd-drivers/logger/logger.go:31.2,40.11 2 0
github.com/cubbitgg/cmd-drivers/logger/logger.go:44.77,46.2 1 0
github.com/cubbitgg/cmd-drivers/logger/logger.go:50.54,51.16 1 0
github.com/cubbitgg/cmd-drivers/logger/logger.go:51.16,53.3 1 0
github.com/cubbitgg/cmd-drivers/logger/logger.go:55.2,55.61 1 0
github.com/cubbitgg/cmd-drivers/logger/logger.go:55.61,57.3 1 0
github.com/cubbitgg/cmd-drivers/logger/logger.go:60.2,60.22 1 0
github.com/cubbitgg/cmd-drivers/logger/logger.go:65.46,66.16 1 0
github.com/cubbitgg/cmd-drivers/logger/logger.go:66.16,67.26 1 0
github.com/cubbitgg/cmd-drivers/logger/logger.go:70.2,70.61 1 0
github.com/cubbitgg/cmd-drivers/logger/logger.go:70.61,72.3 1 0
github.com/cubbitgg/cmd-drivers/logger/logger.go:74.2,74.38 1 0
github.com/cubbitgg/cmd-drivers/display/table.go:13.77,14.23 1 1
github.com/cubbitgg/cmd-drivers/display/table.go:14.23,17.3 2 1
github.com/cubbitgg/cmd-drivers/display/table.go:19.2,24.33 4 1
github.com/cubbitgg/cmd-drivers/display/table.go:24.33,26.22 2 1
github.com/cubbitgg/cmd-drivers/display/table.go:26.22,28.4 1 1
github.com/cubbitgg/cmd-drivers/display/table.go:30.3,32.51 3 1
github.com/cubbitgg/cmd-drivers/display/table.go:32.51,35.4 2 1
github.com/cubbitgg/cmd-drivers/display/table.go:37.3,45.14 1 1
github.com/cubbitgg/cmd-drivers/display/table.go:49.44,50.22 1 1
github.com/cubbitgg/cmd-drivers/display/table.go:50.22,52.3 1 1
github.com/cubbitgg/cmd-drivers/display/table.go:53.2,53.29 1 1
github.com/cubbitgg/cmd-drivers/logger/logger.go:19.46,25.31 3 0
github.com/cubbitgg/cmd-drivers/logger/logger.go:25.31,28.3 1 0
github.com/cubbitgg/cmd-drivers/logger/logger.go:31.2,40.11 2 0
github.com/cubbitgg/cmd-drivers/logger/logger.go:44.77,46.2 1 0
github.com/cubbitgg/cmd-drivers/logger/logger.go:50.54,51.16 1 1
github.com/cubbitgg/cmd-drivers/logger/logger.go:51.16,53.3 1 0
github.com/cubbitgg/cmd-drivers/logger/logger.go:55.2,55.61 1 1
github.com/cubbitgg/cmd-drivers/logger/logger.go:55.61,57.3 1 0
github.com/cubbitgg/cmd-drivers/logger/logger.go:60.2,60.22 1 1
github.com/cubbitgg/cmd-drivers/logger/logger.go:65.46,66.16 1 0
github.com/cubbitgg/cmd-drivers/logger/logger.go:66.16,67.26 1 0
github.com/cubbitgg/cmd-drivers/logger/logger.go:70.2,70.61 1 0
github.com/cubbitgg/cmd-drivers/logger/logger.go:70.61,72.3 1 0
github.com/cubbitgg/cmd-drivers/logger/logger.go:74.2,74.38 1 0
github.com/cubbitgg/cmd-drivers/services/scanner.go:45.120,52.2 1 1
github.com/cubbitgg/cmd-drivers/services/scanner.go:55.77,57.16 2 1
github.com/cubbitgg/cmd-drivers/services/scanner.go:57.16,59.3 1 1
github.com/cubbitgg/cmd-drivers/services/scanner.go:61.2,62.16 2 1
github.com/cubbitgg/cmd-drivers/services/scanner.go:62.16,64.3 1 0
github.com/cubbitgg/cmd-drivers/services/scanner.go:66.2,67.38 2 1
github.com/cubbitgg/cmd-drivers/services/scanner.go:67.38,69.3 1 1
github.com/cubbitgg/cmd-drivers/services/scanner.go:70.2,70.17 1 1
github.com/cubbitgg/cmd-drivers/services/scanner.go:74.81,78.16 3 1
github.com/cubbitgg/cmd-drivers/services/scanner.go:78.16,81.3 2 1
github.com/cubbitgg/cmd-drivers/services/scanner.go:83.2,84.32 2 1
github.com/cubbitgg/cmd-drivers/services/scanner.go:84.32,99.66 3 1
github.com/cubbitgg/cmd-drivers/services/scanner.go:99.66,103.4 3 1
github.com/cubbitgg/cmd-drivers/services/scanner.go:103.9,105.4 1 1
github.com/cubbitgg/cmd-drivers/services/scanner.go:107.3,107.34 1 1
github.com/cubbitgg/cmd-drivers/services/scanner.go:110.2,111.21 2 1
github.com/cubbitgg/cmd-drivers/services/scanner.go:115.83,119.69 2 1
github.com/cubbitgg/cmd-drivers/services/scanner.go:119.69,121.4 1 0
github.com/cubbitgg/cmd-drivers/services/scanner.go:126.2,127.16 2 1
github.com/cubbitgg/cmd-drivers/services/scanner.go:127.16,130.3 2 0
github.com/cubbitgg/cmd-drivers/services/scanner.go:132.2,133.34 2 1
github.com/cubbitgg/cmd-drivers/services/scanner.go:133.34,134.48 1 1
github.com/cubbitgg/cmd-drivers/services/scanner.go:134.48,136.12 2 1
github.com/cubbitgg/cmd-drivers/services/scanner.go:139.3,140.35 2 1
github.com/cubbitgg/cmd-drivers/services/scanner.go:140.35,142.12 2 1
github.com/cubbitgg/cmd-drivers/services/scanner.go:145.3,146.17 2 1
github.com/cubbitgg/cmd-drivers/services/scanner.go:146.17,148.4 1 1
github.com/cubbitgg/cmd-drivers/services/scanner.go:149.3,149.17 1 1
github.com/cubbitgg/cmd-drivers/services/scanner.go:149.17,151.4 1 1
github.com/cubbitgg/cmd-drivers/services/scanner.go:153.3,154.24 2 1
github.com/cubbitgg/cmd-drivers/services/scanner.go:154.24,156.4 1 1
github.com/cubbitgg/cmd-drivers/services/scanner.go:158.3,166.97 2 1
github.com/cubbitgg/cmd-drivers/services/scanner.go:169.2,170.21 2 1
github.com/cubbitgg/cmd-drivers/services/scanner.go:173.70,176.30 3 1
github.com/cubbitgg/cmd-drivers/services/scanner.go:176.30,179.3 2 1
github.com/cubbitgg/cmd-drivers/services/scanner.go:180.2,180.13 1 1
github.com/cubbitgg/cmd-drivers/tests/mocks/scanner_mock.go:16.93,18.2 1 1
github.com/cubbitgg/cmd-drivers/tests/mocks/scanner_mock.go:26.80,28.2 1 1
github.com/cubbitgg/cmd-drivers/tests/mocks/scanner_mock.go:38.116,40.2 1 1
github.com/cubbitgg/cmd-drivers/tests/mocks/scanner_mock.go:42.102,44.2 1 0
github.com/cubbitgg/cmd-drivers/tests/mocks/scanner_mock.go:46.81,48.2 1 1
github.com/cubbitgg/cmd-drivers/logger/logger.go:19.46,25.31 3 0
github.com/cubbitgg/cmd-drivers/logger/logger.go:25.31,28.3 1 0
github.com/cubbitgg/cmd-drivers/logger/logger.go:31.2,40.11 2 0
github.com/cubbitgg/cmd-drivers/logger/logger.go:44.77,46.2 1 0
github.com/cubbitgg/cmd-drivers/logger/logger.go:50.54,51.16 1 1
github.com/cubbitgg/cmd-drivers/logger/logger.go:51.16,53.3 1 0
github.com/cubbitgg/cmd-drivers/logger/logger.go:55.2,55.61 1 1
github.com/cubbitgg/cmd-drivers/logger/logger.go:55.61,57.3 1 0
github.com/cubbitgg/cmd-drivers/logger/logger.go:60.2,60.22 1 1
github.com/cubbitgg/cmd-drivers/logger/logger.go:65.46,66.16 1 0
github.com/cubbitgg/cmd-drivers/logger/logger.go:66.16,67.26 1 0
github.com/cubbitgg/cmd-drivers/logger/logger.go:70.2,70.61 1 0
github.com/cubbitgg/cmd-drivers/logger/logger.go:70.61,72.3 1 0
github.com/cubbitgg/cmd-drivers/logger/logger.go:74.2,74.38 1 0
github.com/cubbitgg/cmd-drivers/providers/mountinfo_provider.go:26.120,33.2 1 1
github.com/cubbitgg/cmd-drivers/providers/mountinfo_provider.go:35.93,46.16 5 1
github.com/cubbitgg/cmd-drivers/providers/mountinfo_provider.go:46.16,48.3 1 0
github.com/cubbitgg/cmd-drivers/providers/mountinfo_provider.go:50.2,51.27 2 1
github.com/cubbitgg/cmd-drivers/providers/mountinfo_provider.go:51.27,57.3 1 1
github.com/cubbitgg/cmd-drivers/providers/mountinfo_provider.go:59.2,60.21 2 1
github.com/cubbitgg/cmd-drivers/providers/mountinfo_provider.go:65.64,66.59 1 1
github.com/cubbitgg/cmd-drivers/providers/mountinfo_provider.go:66.59,67.34 1 1
github.com/cubbitgg/cmd-drivers/providers/mountinfo_provider.go:67.34,69.20 2 1
github.com/cubbitgg/cmd-drivers/providers/mountinfo_provider.go:69.20,71.5 1 1
github.com/cubbitgg/cmd-drivers/providers/mountinfo_provider.go:73.3,73.22 1 1
github.com/cubbitgg/cmd-drivers/providers/mountinfo_provider.go:79.83,80.59 1 1
github.com/cubbitgg/cmd-drivers/providers/mountinfo_provider.go:80.59,82.17 2 1
github.com/cubbitgg/cmd-drivers/providers/mountinfo_provider.go:82.17,84.4 1 0
github.com/cubbitgg/cmd-drivers/providers/mountinfo_provider.go:85.3,85.33 1 1
github.com/cubbitgg/cmd-drivers/providers/mountinfo_provider.go:85.33,87.4 1 0
github.com/cubbitgg/cmd-drivers/providers/mountinfo_provider.go:88.3,88.22 1 1
github.com/cubbitgg/cmd-drivers/providers/statfs_provider.go:18.41,20.2 1 1
github.com/cubbitgg/cmd-drivers/providers/statfs_provider.go:22.80,24.52 2 1
github.com/cubbitgg/cmd-drivers/providers/statfs_provider.go:24.52,26.3 1 1
github.com/cubbitgg/cmd-drivers/providers/statfs_provider.go:27.2,30.8 1 1
github.com/cubbitgg/cmd-drivers/cmd/scan/driver-scan.go:10.13,12.38 2 0
github.com/cubbitgg/cmd-drivers/cmd/scan/driver-scan.go:12.38,15.3 2 0
github.com/cubbitgg/cmd-drivers/logger/logger.go:19.46,25.31 3 0
github.com/cubbitgg/cmd-drivers/logger/logger.go:25.31,28.3 1 0
github.com/cubbitgg/cmd-drivers/logger/logger.go:31.2,40.11 2 0
github.com/cubbitgg/cmd-drivers/logger/logger.go:44.77,46.2 1 0
github.com/cubbitgg/cmd-drivers/logger/logger.go:50.54,51.16 1 0
github.com/cubbitgg/cmd-drivers/logger/logger.go:51.16,53.3 1 0
github.com/cubbitgg/cmd-drivers/logger/logger.go:55.2,55.61 1 0
github.com/cubbitgg/cmd-drivers/logger/logger.go:55.61,57.3 1 0
github.com/cubbitgg/cmd-drivers/logger/logger.go:60.2,60.22 1 0
github.com/cubbitgg/cmd-drivers/logger/logger.go:65.46,66.16 1 0
github.com/cubbitgg/cmd-drivers/logger/logger.go:66.16,67.26 1 0
github.com/cubbitgg/cmd-drivers/logger/logger.go:70.2,70.61 1 0
github.com/cubbitgg/cmd-drivers/logger/logger.go:70.61,72.3 1 0
github.com/cubbitgg/cmd-drivers/logger/logger.go:74.2,74.38 1 0
github.com/cubbitgg/cmd-drivers/tests/mocks/scanner_mock.go:16.93,18.2 1 0
github.com/cubbitgg/cmd-drivers/tests/mocks/scanner_mock.go:26.80,28.2 1 0
github.com/cubbitgg/cmd-drivers/tests/mocks/scanner_mock.go:38.116,40.2 1 0
github.com/cubbitgg/cmd-drivers/tests/mocks/scanner_mock.go:42.102,44.2 1 0
github.com/cubbitgg/cmd-drivers/tests/mocks/scanner_mock.go:46.81,48.2 1 0
github.com/cubbitgg/cmd-drivers/cmd/init/driver-init.go:10.13,12.38 2 0
github.com/cubbitgg/cmd-drivers/cmd/init/driver-init.go:12.38,15.3 2 0
github.com/cubbitgg/cmd-drivers/cmd/mounter/driver-mounter.go:10.13,12.38 2 0
github.com/cubbitgg/cmd-drivers/cmd/mounter/driver-mounter.go:12.38,15.3 2 0
